TN:
SF:src\App.jsx
FN:4,App
FN:9,(anonymous_1)
FN:12,(anonymous_2)
FN:13,(anonymous_3)
FN:22,(anonymous_4)
FN:31,(anonymous_5)
FNF:6
FNH:5
FNDA:8,App
FNDA:3,(anonymous_1)
FNDA:3,(anonymous_2)
FNDA:3,(anonymous_3)
FNDA:0,(anonymous_4)
FNDA:20,(anonymous_5)
DA:5,8
DA:6,8
DA:7,8
DA:9,8
DA:10,3
DA:11,3
DA:12,3
DA:14,3
DA:15,3
DA:19,8
DA:22,0
DA:32,20
LF:12
LH:11
BRDA:24,0,0,8
BRDA:24,0,1,3
BRDA:26,1,0,8
BRDA:26,1,1,5
BRDA:26,1,2,3
BRF:5
BRH:5
end_of_record
TN:
SF:src\mocks\browser.js
FNF:0
FNH:0
DA:6,0
LF:1
LH:0
BRF:0
BRH:0
end_of_record
TN:
SF:src\mocks\handlers.js
FN:7,(anonymous_0)
FNF:1
FNH:0
FNDA:0,(anonymous_0)
DA:6,0
DA:8,0
DA:9,0
DA:10,0
LF:4
LH:0
BRF:0
BRH:0
end_of_record
TN:
SF:src\utils\generateProducts.js
FN:3,generateProducts
FN:5,(anonymous_1)
FNF:2
FNH:0
FNDA:0,generateProducts
FNDA:0,(anonymous_1)
DA:4,0
DA:5,0
LF:2
LH:0
BRDA:3,0,0,0
BRDA:3,1,0,0
BRF:2
BRH:0
end_of_record
